# JRE version: Java(TM) SE Runtime Environment (8.0_251-b08) (build 1.8.0_251-b08)
# Java VM: Java HotSpot(TM) 64-Bit Server VM (25.251-b08 mixed mode windows-amd64 compressed oops)
Heap:
 PSYoungGen      total 120832K, used 110118K [0x000000076bc00000, 0x0000000774680000, 0x00000007c0000000)
  eden space 110592K, 99% used [0x000000076bc00000,0x0000000772789a58,0x0000000772800000)
  from space 10240K, 0% used [0x0000000773300000,0x0000000773300000,0x0000000773d00000)
  to   space 11264K, 0% used [0x0000000772800000,0x0000000772800000,0x0000000773300000)
 ParOldGen       total 425984K, used 385345K [0x00000006c3400000, 0x00000006dd400000, 0x000000076bc00000)
  object space 425984K, 90% used [0x00000006c3400000,0x00000006dac50438,0x00000006dd400000)
 Metaspace       used 33972K, capacity 34908K, committed 35328K, reserved 1079296K
  class space    used 4278K, capacity 4486K, committed 4608K, reserved 1048576K
GC Heap History (10 events):
Event: 3.402 GC heap before
{Heap before GC invocations=5 (full 1):
 PSYoungGen      total 75776K, used 64750K [0x000000076bc00000, 0x0000000771080000, 0x00000007c0000000)
  eden space 65024K, 99% used [0x000000076bc00000,0x000000076fb3bb10,0x000000076fb80000)
  from space 10752K, 0% used [0x000000076fb80000,0x000000076fb80000,0x0000000770600000)
  to   space 10752K, 0% used [0x0000000770600000,0x0000000770600000,0x0000000771080000)
 ParOldGen       total 108544K, used 5844K [0x00000006c3400000, 0x00000006c9e00000, 0x000000076bc00000)
  object space 108544K, 5% used [0x00000006c3400000,0x00000006c39b5328,0x00000006c9e00000)
 Metaspace       used 30630K, capacity 31410K, committed 31744K, reserved 1077248K
  class space    used 3838K, capacity 4071K, committed 4096K, reserved 1048576K
Event: 3.412 GC heap after
Heap after GC invocations=5 (full 1):
 PSYoungGen      total 75776K, used 7234K [0x000000076bc00000, 0x0000000772d00000, 0x00000007c0000000)
  eden space 65024K, 0% used [0x000000076bc00000,0x000000076bc00000,0x000000076fb80000)
  from space 10752K, 67% used [0x0000000770600000,0x0000000770d108e8,0x0000000771080000)
  to   space 10752K, 0% used [0x000000076fb80000,0x000000076fb80000,0x0000000770600000)
 ParOldGen       total 108544K, used 19196K [0x00000006c3400000, 0x00000006c9e00000, 0x000000076bc00000)
  object space 108544K, 17% used [0x00000006c3400000,0x00000006c46bf348,0x00000006c9e00000)
 Metaspace       used 30630K, capacity 31410K, committed 31744K, reserved 1077248K
  class space    used 3838K, capacity 4071K, committed 4096K, reserved 1048576K
}
Event: 3.953 GC heap before
{Heap before GC invocations=6 (full 1):
 PSYoungGen      total 75776K, used 71991K [0x000000076bc00000, 0x0000000772d00000, 0x00000007c0000000)
  eden space 65024K, 99% used [0x000000076bc00000,0x000000076fb3d698,0x000000076fb80000)
  from space 10752K, 67% used [0x0000000770600000,0x0000000770d108e8,0x0000000771080000)
  to   space 10752K, 0% used [0x000000076fb80000,0x000000076fb80000,0x0000000770600000)
 ParOldGen       total 108544K, used 19196K [0x00000006c3400000, 0x00000006c9e00000, 0x000000076bc00000)
  object space 108544K, 17% used [0x00000006c3400000,0x00000006c46bf348,0x00000006c9e00000)
 Metaspace       used 33923K, capacity 34980K, committed 35072K, reserved 1079296K
  class space    used 4291K, capacity 4528K, committed 4608K, reserved 1048576K
Event: 4.000 GC heap after
Heap after GC invocations=6 (full 1):
 PSYoungGen      total 75776K, used 8629K [0x000000076bc00000, 0x0000000773d00000, 0x00000007c0000000)
  eden space 65024K, 0% used [0x000000076bc00000,0x000000076bc00000,0x000000076fb80000)
  from space 10752K, 80% used [0x000000076fb80000,0x00000007703ed4c8,0x0000000770600000)
  to   space 10240K, 0% used [0x0000000773300000,0x0000000773300000,0x0000000773d00000)
 ParOldGen       total 108544K, used 94059K [0x00000006c3400000, 0x00000006c9e00000, 0x000000076bc00000)
  object space 108544K, 86% used [0x00000006c3400000,0x00000006c8fdad80,0x00000006c9e00000)
 Metaspace       used 33923K, capacity 34980K, committed 35072K, reserved 1079296K
  class space    used 4291K, capacity 4528K, committed 4608K, reserved 1048576K
}
Event: 4.001 GC heap before
{Heap before GC invocations=7 (full 2):
 PSYoungGen      total 75776K, used 8629K [0x000000076bc00000, 0x0000000773d00000, 0x00000007c0000000)
  eden space 65024K, 0% used [0x000000076bc00000,0x000000076bc00000,0x000000076fb80000)
  from space 10752K, 80% used [0x000000076fb80000,0x00000007703ed4c8,0x0000000770600000)
  to   space 10240K, 0% used [0x0000000773300000,0x0000000773300000,0x0000000773d00000)
 ParOldGen       total 108544K, used 94059K [0x00000006c3400000, 0x00000006c9e00000, 0x000000076bc00000)
  object space 108544K, 86% used [0x00000006c3400000,0x00000006c8fdad80,0x00000006c9e00000)
 Metaspace       used 33923K, capacity 34980K, committed 35072K, reserved 1079296K
  class space    used 4291K, capacity 4528K, committed 4608K, reserved 1048576K
Event: 4.045 GC heap after
Heap after GC invocations=7 (full 2):
 PSYoungGen      total 75776K, used 0K [0x000000076bc00000, 0x0000000773d00000, 0x00000007c0000000)
  eden space 65024K, 0% used [0x000000076bc00000,0x000000076bc00000,0x000000076fb80000)
  from space 10752K, 0% used [0x000000076fb80000,0x000000076fb80000,0x0000000770600000)
  to   space 10240K, 0% used [0x0000000773300000,0x0000000773300000,0x0000000773d00000)
 ParOldGen       total 267264K, used 63984K [0x00000006c3400000, 0x00000006d3900000, 0x000000076bc00000)
  object space 267264K, 23% used [0x00000006c3400000,0x00000006c727c280,0x00000006d3900000)
 Metaspace       used 33836K, capacity 34692K, committed 35072K, reserved 1079296K
  class space    used 4264K, capacity 4480K, committed 4608K, reserved 1048576K
}
Event: 4.060 GC heap before
{Heap before GC invocations=8 (full 2):
 PSYoungGen      total 75776K, used 57043K [0x000000076bc00000, 0x0000000773d00000, 0x00000007c0000000)
  eden space 65024K, 87% used [0x000000076bc00000,0x000000076f3b4e40,0x000000076fb80000)
  from space 10752K, 0% used [0x000000076fb80000,0x000000076fb80000,0x0000000770600000)
  to   space 10240K, 0% used [0x0000000773300000,0x0000000773300000,0x0000000773d00000)
 ParOldGen       total 267264K, used 74682K [0x00000006c3400000, 0x00000006d3900000, 0x000000076bc00000)
  object space 267264K, 27% used [0x00000006c3400000,0x00000006c7ceebe0,0x00000006d3900000)
 Metaspace       used 33848K, capacity 34706K, committed 35072K, reserved 1079296K
  class space    used 4268K, capacity 4485K, committed 4608K, reserved 1048576K
Event: 4.083 GC heap after
Heap after GC invocations=8 (full 2):
 PSYoungGen      total 120832K, used 256K [0x000000076bc00000, 0x0000000774680000, 0x00000007c0000000)
  eden space 110592K, 0% used [0x000000076bc00000,0x000000076bc00000,0x0000000772800000)
  from space 10240K, 2% used [0x0000000773300000,0x0000000773340000,0x0000000773d00000)
  to   space 11264K, 0% used [0x0000000772800000,0x0000000772800000,0x0000000773300000)
 ParOldGen       total 267264K, used 192203K [0x00000006c3400000, 0x00000006d3900000, 0x000000076bc00000)
  object space 267264K, 71% used [0x00000006c3400000,0x00000006cefb2df8,0x00000006d3900000)
 Metaspace       used 33848K, capacity 34706K, committed 35072K, reserved 1079296K
  class space    used 4268K, capacity 4485K, committed 4608K, reserved 1048576K
}
Event: 4.083 GC heap before
{Heap before GC invocations=9 (full 3):
 PSYoungGen      total 120832K, used 256K [0x000000076bc00000, 0x0000000774680000, 0x00000007c0000000)
  eden space 110592K, 0% used [0x000000076bc00000,0x000000076bc00000,0x0000000772800000)
  from space 10240K, 2% used [0x0000000773300000,0x0000000773340000,0x0000000773d00000)
  to   space 11264K, 0% used [0x0000000772800000,0x0000000772800000,0x0000000773300000)
 ParOldGen       total 267264K, used 192203K [0x00000006c3400000, 0x00000006d3900000, 0x000000076bc00000)
  object space 267264K, 71% used [0x00000006c3400000,0x00000006cefb2df8,0x00000006d3900000)
 Metaspace       used 33848K, capacity 34706K, committed 35072K, reserved 1079296K
  class space    used 4268K, capacity 4485K, committed 4608K, reserved 1048576K
Event: 4.162 GC heap after
Heap after GC invocations=9 (full 3):
 PSYoungGen      total 120832K, used 0K [0x000000076bc00000, 0x0000000774680000, 0x00000007c0000000)
  eden space 110592K, 0% used [0x000000076bc00000,0x000000076bc00000,0x0000000772800000)
  from space 10240K, 0% used [0x0000000773300000,0x0000000773300000,0x0000000773d00000)
  to   space 11264K, 0% used [0x0000000772800000,0x0000000772800000,0x0000000773300000)
 ParOldGen       total 425984K, used 109365K [0x00000006c3400000, 0x00000006dd400000, 0x000000076bc00000)
  object space 425984K, 25% used [0x00000006c3400000,0x00000006c9ecd7a0,0x00000006dd400000)
 Metaspace       used 33848K, capacity 34706K, committed 35072K, reserved 1079296K
  class space    used 4268K, capacity 4485K, committed 4608K, reserved 1048576K
}

